[10:27:07] [main/INFO]: Environment: authHost='https://authserver.mojang.com', accountsHost='https://api.mojang.com', sessionHost='https://sessionserver.mojang.com', servicesHost='https://api.minecraftservices.com', name='PROD'
[10:27:07] [main/INFO]: Found new data pack file/bukkit, loading it automatically
[10:27:07] [main/INFO]: Reloading ResourceManager: Default, bukkit
[10:27:07] [Worker-Main-4/INFO]: Loaded 7 recipes
[10:27:08] [Server thread/INFO]: Starting minecraft server version 1.16.5
[10:27:08] [Server thread/INFO]: Loading properties
[10:27:08] [Server thread/INFO]: This server is running Paper version git-Paper-581 (MC: 1.16.5) (Implementing API version 1.16.5-R0.1-SNAPSHOT)
[10:27:08] [Server thread/INFO]: Debug logging is disabled
[10:27:08] [Server thread/INFO]: Using 4 threads for Netty based IO
[10:27:08] [Server thread/INFO]: Server Ping Player Sample Count: 12
[10:27:08] [Server thread/INFO]: Default game type: SURVIVAL
[10:27:08] [Server thread/INFO]: Generating keypair
[10:27:08] [Server thread/INFO]: Starting Minecraft server on *:25565
[10:27:08] [Server thread/INFO]: Using default channel type
[10:27:09] [Server thread/INFO]: Preparing level "world"
[10:27:09] [Server thread/WARN]: Unable to find spawn biome
[10:27:12] [Server thread/WARN]: Unable to find spawn biome
[10:27:12] [Server thread/WARN]: Unable to find spawn biome
[10:27:13] [Server thread/INFO]: Preparing start region for dimension minecraft:overworld
[10:27:13] [Server thread/INFO]: Loaded 0 spawn chunks for world world
[10:27:13] [Worker-Main-4/INFO]: Preparing spawn area: 0%
[10:27:13] [Server thread/INFO]: Time elapsed: 435 ms
[10:27:13] [Server thread/INFO]: Preparing start region for dimension minecraft:the_nether
[10:27:13] [Server thread/INFO]: Loaded 0 spawn chunks for world world_nether
[10:27:13] [Server thread/INFO]: Time elapsed: 231 ms
[10:27:13] [Server thread/INFO]: Preparing start region for dimension minecraft:the_end
[10:27:13] [Server thread/INFO]: Loaded 0 spawn chunks for world world_the_end
[10:27:13] [Worker-Main-2/INFO]: Preparing spawn area: 0%
[10:27:13] [Server thread/INFO]: Time elapsed: 242 ms
[10:27:13] [Server thread/INFO]: Running delayed init tasks
[10:27:13] [Server thread/INFO]: Done (5.502s)! For help, type "help"
[10:27:13] [Server thread/WARN]: [io.papermc.paper.util.PaperJvmChecker] ************************************************************
[10:27:13] [Server thread/WARN]: [io.papermc.paper.util.PaperJvmChecker] * WARNING - YOU ARE RUNNING AN OUTDATED VERSION OF JAVA.
[10:27:13] [Server thread/WARN]: [io.papermc.paper.util.PaperJvmChecker] * PAPER WILL STOP BEING COMPATIBLE WITH THIS VERSION OF
[10:27:13] [Server thread/WARN]: [io.papermc.paper.util.PaperJvmChecker] * JAVA WHEN MINECRAFT 1.17 IS RELEASED.
[10:27:13] [Server thread/WARN]: [io.papermc.paper.util.PaperJvmChecker] *
[10:27:13] [Server thread/WARN]: [io.papermc.paper.util.PaperJvmChecker] * Please update the version of Java you use to run Paper
[10:27:13] [Server thread/WARN]: [io.papermc.paper.util.PaperJvmChecker] * to at least Java 11. When Paper for Minecraft 1.17 is
[10:27:13] [Server thread/WARN]: [io.papermc.paper.util.PaperJvmChecker] * released support for versions of Java before 11 will
[10:27:13] [Server thread/WARN]: [io.papermc.paper.util.PaperJvmChecker] * be dropped.
[10:27:13] [Server thread/WARN]: [io.papermc.paper.util.PaperJvmChecker] *
[10:27:13] [Server thread/WARN]: [io.papermc.paper.util.PaperJvmChecker] * Current Java version: 1.8.0_51
[10:27:13] [Server thread/WARN]: [io.papermc.paper.util.PaperJvmChecker] *
[10:27:13] [Server thread/WARN]: [io.papermc.paper.util.PaperJvmChecker] * Check this forum post for more information: 
[10:27:13] [Server thread/WARN]: [io.papermc.paper.util.PaperJvmChecker] *   https://papermc.io/java11
[10:27:13] [Server thread/WARN]: [io.papermc.paper.util.PaperJvmChecker] ************************************************************
[10:27:13] [Server thread/INFO]: Timings Reset
[10:28:05] [Server thread/INFO]: Stopping the server
[10:28:05] [Server thread/INFO]: Stopping server
[10:28:05] [Server thread/INFO]: Saving players
[10:28:05] [Server thread/INFO]: Saving worlds
[10:28:05] [Server thread/INFO]: Saving chunks for level 'ServerLevel[world]'/minecraft:overworld
[10:28:05] [Server thread/INFO]: ThreadedAnvilChunkStorage (world): All chunks are saved
[10:28:05] [Server thread/INFO]: Saving chunks for level 'ServerLevel[world_nether]'/minecraft:the_nether
[10:28:06] [Server thread/INFO]: ThreadedAnvilChunkStorage (DIM-1): All chunks are saved
[10:28:06] [Server thread/INFO]: Saving chunks for level 'ServerLevel[world_the_end]'/minecraft:the_end
[10:28:06] [Server thread/INFO]: ThreadedAnvilChunkStorage (DIM1): All chunks are saved
[10:28:06] [Server thread/INFO]: ThreadedAnvilChunkStorage (world): All chunks are saved
[10:28:06] [Server thread/INFO]: ThreadedAnvilChunkStorage (DIM-1): All chunks are saved
[10:28:06] [Server thread/INFO]: ThreadedAnvilChunkStorage (DIM1): All chunks are saved
[10:28:06] [Server thread/INFO]: Flushing Chunk IO
[10:28:06] [Server thread/INFO]: Closing Thread Pool
[10:28:06] [Server thread/INFO]: Closing Server
